<?xml version="1.0" encoding="UTF-8"?>
<!-- Generated by org.testng.reporters.JUnitXMLReporter -->
<testsuite ignored="2" hostname="DESKTOP-6IU7ES5" failures="0" tests="10" name="Smoke" time="134.047" errors="0" timestamp="2021-10-06T17:56:08 ALMT">
  <testcase classname="com.github.passmesomesugar.tests.account.EditContactCity" name="editContactDetailsCity" time="25.165"/>
  <testcase classname="com.github.passmesomesugar.tests.account.EditContactNameLastName" name="editContactDetailsNameLastName" time="19.92"/>
  <testcase classname="com.github.passmesomesugar.tests.account.EditContactPhoneNumber" name="editContactDetailsPhoneNumber" time="22.928"/>
  <testcase classname="com.github.passmesomesugar.tests.account.EditContactWebsite" name="editContactDetailsWebsite" time="30.543"/>
  <testcase classname="com.github.passmesomesugar.tests.links.AboutPageTest" name="aboutPageTest" time="12.518"/>
  <testcase classname="com.github.passmesomesugar.tests.login.SignInTest" name="openHomeAndSignIn" time="5.708"/>
  <testcase classname="com.github.passmesomesugar.tests.login.SignOutTest" name="signInAndSignOut" time="5.756"/>
  <testcase classname="com.github.passmesomesugar.tests.search.SearchResultNegativeTest" name="searchAndRetrieveNegative" time="5.859"/>
  <testcase classname="com.github.passmesomesugar.tests.search.SearchResultTest" name="searchAndRetrieve" time="4.856"/>
  <testcase classname="com.github.passmesomesugar.tests.url.MainPageURLTest" name="openMainPageAndCheckURL" time="0.75"/>
  <testcase classname="com.github.passmesomesugar.tests.Delete" name="deleteTest" time="0.0">
    <ignored/>
  </testcase> <!-- deleteTest -->
  <testcase classname="com.github.passmesomesugar.tests.Delete2" name="deleteTwo" time="0.0">
    <ignored/>
  </testcase> <!-- deleteTwo -->
</testsuite> <!-- Smoke -->
