<?xml version="1.0" encoding="UTF-8"?>
<testsuite xmlns:xsi="http://www.w3.org/2001/XMLSchema-instance" xsi:noNamespaceSchemaLocation="https://maven.apache.org/surefire/maven-surefire-plugin/xsd/surefire-test-report-3.0.xsd" version="3.0" name="TestSuite" time="303.344" tests="1" errors="0" skipped="0" failures="0">
  <properties>
[...]
</properties>
  <testcase name="deleteTest" classname="com.github.passmesomesugar.tests.Delete" time="302.49">
    <system-out><![CDATA[
*******************************SIZE OF LINKS*******************************
570
Removing excluded links from list of all links
[youtube, linkedin, /user/]
*******************************SIZE OF CLEAN LINKS*******************************
484
https://boardgamegeek.com/contact is valid
https://boardgamegeek.com/ is valid
https://rpggeek.com/ is valid
https://videogamegeek.com/ is valid
https://boardgamegeek.com/bggcon is valid
https://boardgamegeek.com/browse/boardgame is valid
https://boardgamegeek.com/browse/boardgamecategory is valid
https://boardgamegeek.com/browse/boardgameartist is valid
https://boardgamegeek.com/browse/boardgamepublisher is valid
https://boardgamegeek.com/browse/boardgamehonor is valid
https://boardgamegeek.com/gonecardboard is valid
https://boardgamegeek.com/recentadditions is valid
https://boardgamegeek.com/previews is valid
https://boardgamegeek.com/browse/boardgamefamily is valid
https://boardgamegeek.com/browse/boardgamemechanic is valid
https://boardgamegeek.com/browse/boardgamedesigner is valid
https://boardgamegeek.com/browse/boardgameaccessory is valid
https://boardgamegeek.com/boardgame/random is valid
https://boardgamegeek.com/browse/boardgamepodcast is valid
https://boardgamegeek.com/wiki/page/Index is valid
https://boardgamegeek.com/forums is valid
https://boardgamegeek.com/threads/region/1?sort=recent is valid
https://boardgamegeek.com/forum/search/region/1 is valid
https://boardgamegeek.com/wiki/page/Forum_Moderators is valid
https://boardgamegeek.com/subscriptions is valid
https://boardgamegeek.com/threads/region/1?sort=hot&interval=twodays is valid
https://boardgamegeek.com/threads/region/1?sort=active is valid
https://boardgamegeek.com/thread/new is valid
https://boardgamegeek.com/threads/bookmarks is valid
https://boardgamegeek.com/community_rules is valid
https://boardgamegeek.com/geeklists?sort=hot&interval=twodays is valid
https://boardgamegeek.com/geeklists?sort=recent is valid
https://boardgamegeek.com/geeklists/bookmarks is valid
https://boardgamegeek.com/geeklists/mylists is valid
https://boardgamegeek.com/geeklist/new is valid
https://boardgamegeek.com/geekmarket is valid
https://boardgamegeek.com/trade is valid
https://boardgamegeekstore.com/ is valid
https://geekgameshop.com/ is valid
https://boardgamegeek.com/geekshopper is valid
https://boardgamegeek.com/geekbay/browse?sort=hot is valid
https://boardgamegeek.com/guild/home is valid
https://boardgamegeek.com/stats.php is valid
https://boardgamegeek.com/forum/88/boardgamegeek/bgg-bugs is valid
https://boardgamegeek.com/geekmod is valid
https://boardgamegeek.com/users.php is valid
https://boardgamegeek.com/geekexchange/browse is valid
https://boardgamegeek.com/files/boardgame/all is valid
https://boardgamegeek.com/threads/reviews is valid
https://boardgamegeek.com/videos/boardgame/all is valid
https://boardgamegeek.com/browse/boardgamepodcast is valid
https://boardgamegeek.com/images/boardgame/all?sort=recent is valid
https://boardgamegeek.com/threads/sessions is valid
https://boardgamegeek.com/blogs is valid
https://boardgamegeek.com/browse/boardgamepodcastepisode is valid
https://boardgamegeek.com/item/create/boardgame is valid
https://boardgamegeek.com/item/create/boardgamefamily is valid
https://boardgamegeek.com/item/create/boardgamepublisher is valid
https://boardgamegeek.com/item/create/boardgameperson is valid
https://boardgamegeek.com/item/create/boardgameaccessory is valid
https://boardgamegeek.com/item/create/boardgamepodcast is valid
https://boardgamegeek.com/wiki/page/Welcome_to_BoardGameGeek is valid
https://boardgamegeek.com/wiki/page/Guide_To_BoardGameGeek is valid
https://boardgamegeek.com/wiki/page/BoardGameGeek_FAQ is valid
https://boardgamegeek.com/wiki/page/Glossary is valid
https://boardgamegeek.com/wiki/page/Admins is valid
https://boardgamegeek.com/join is valid
https://boardgamegeek.com/advsearch/boardgame is valid
https://boardgamegeek.com/ is valid
https://boardgamegeek.com/dashboard is valid
https://boardgamegeek.com/geekpreview/51/spiel-21-preview is valid
https://boardgamegeek.com/geekpreview/51/spiel-21-preview is valid
https://boardgamegeek.com/thread/2736424/100-million-thumbs is valid
https://boardgamegeek.com/forum/767792/geekdo/news is valid
https://boardgamegeek.com/thread/2722772/september-store-update-bits-and-hats-youve-been-wa is valid
https://boardgamegeek.com/forum/44/bgg/news is valid
https://boardgamegeek.com/video/344088/eric-m-lang/ankh-gods-egypt-w-eric-m-lang-cardboard-creations is valid
https://boardgamegeek.com/geekpreview/48/new-game-releases-september-october-2021 is valid
https://boardgamegeek.com/hotness is valid
https://boardgamegeek.com/boardgame/299106/fractal-beyond-void is valid
https://boardgamegeek.com/boardgame/323612/bitoku is valid
https://boardgamegeek.com/boardgame/339958/gutenberg is valid
https://boardgamegeek.com/boardgame/317582/mythwind is valid
https://boardgamegeek.com/boardgame/337627/voidfall is valid
https://boardgamegeek.com/boardgame/238799/messina-1347 is valid
https://boardgamegeek.com/boardgame/316554/dune-imperium is valid
https://boardgamegeek.com/boardgame/311193/anno-1800 is valid
https://boardgamegeek.com/boardgame/281549/beast is valid
https://boardgamegeek.com/boardgame/340466/unfathomable is valid
https://boardgamegeek.com/boardgame/312484/lost-ruins-arnak is valid
https://boardgamegeek.com/boardgame/285967/ankh-gods-egypt is valid
https://boardgamegeek.com/boardgame/205637/arkham-horror-card-game is valid
https://boardgamegeek.com/boardgame/295947/cascadia is valid
https://boardgamegeek.com/boardgame/323613/luna-capital is valid
https://boardgamegeek.com/boardgame/322708/descent-legends-dark is valid
https://boardgamegeek.com/boardgame/318084/furnace is valid
https://boardgamegeek.com/boardgame/298383/golem is valid
https://boardgamegeek.com/boardgame/227456/escape-dark-castle is valid
https://boardgamegeek.com/boardgame/167791/terraforming-mars is valid
https://boardgamegeek.com/boardgame/285774/marvel-champions-card-game is valid
https://boardgamegeek.com/boardgame/344277/corrosion is valid
https://boardgamegeek.com/boardgame/162886/spirit-island is valid
https://boardgamegeek.com/boardgame/299659/clash-cultures-monumental-edition is valid
https://boardgamegeek.com/boardgameexpansion/325490/concordia-solitaria is valid
https://boardgamegeek.com/boardgame/342942/ark-nova is valid
https://boardgamegeek.com/boardgame/174430/gloomhaven is valid
https://boardgamegeek.com/boardgame/237182/root is valid
https://boardgamegeek.com/boardgame/317985/beyond-sun is valid
https://boardgamegeek.com/boardgame/343905/boonlake is valid
https://boardgamegeek.com/boardgame/292375/great-wall is valid
https://boardgamegeek.com/boardgame/167355/nemesis is valid
https://boardgamegeek.com/boardgame/348406/marvel-dice-throne is valid
https://boardgamegeek.com/boardgame/291572/oath-chronicles-empire-and-exile is valid
https://boardgamegeek.com/boardgame/224517/brass-birmingham is valid
https://boardgamegeek.com/boardgame/266192/wingspan is valid
https://boardgamegeek.com/boardgame/199792/everdell is valid
https://boardgamegeek.com/boardgame/329593/settlement is valid
https://boardgamegeek.com/boardgame/343562/horrified-american-monsters is valid
https://boardgamegeek.com/boardgame/305682/rolling-realms is valid
https://boardgamegeek.com/boardgame/341169/great-western-trail-second-edition is valid
https://boardgamegeek.com/boardgame/169786/scythe is valid
https://boardgamegeek.com/boardgame/299684/khora-rise-empire is valid
https://boardgamegeek.com/boardgame/317457/dinosaur-world is valid
https://boardgamegeek.com/boardgame/246900/eclipse-second-dawn-galaxy is valid
https://boardgamegeek.com/boardgame/255984/sleeping-gods is valid
https://boardgamegeek.com/boardgame/192135/too-many-bones is valid
https://boardgamegeek.com/boardgameexpansion/341254/lost-ruins-arnak-expedition-leaders is valid
https://boardgamegeek.com/boardgame/298102/roll-camera-filmmaking-board-game is valid
https://boardgamegeek.com/boardgame/115746/war-ring-second-edition is valid
https://boardgamegeek.com/crowdfunding is valid
https://boardgamegeek.com/boardgame/325434/arkosa is valid
https://www.kickstarter.com/projects/toonhammer/arkosa-a-bunker-building-board-game?ref=bggexplorehome is valid
https://boardgamegeek.com/boardgame/339165/red-burnoose-algeria-1857 is valid
https://www.kickstarter.com/projects/580070528/the-red-burnoose-algeria-1857?ref=bggexplorehome is valid
https://boardgamegeek.com/boardgame/329228/solar-sphere is valid
https://www.kickstarter.com/projects/drandagames/solar-sphere-harness-the-power-of-the-stars?ref=bggexplorehome is valid
https://boardgamegeek.com/boardgame/344698/code-crackers is valid
https://www.kickstarter.com/projects/barndoorgames/code-crackers-0?ref=bggexplorehome is valid
https://boardgamegeek.com/boardgame/342062/artisans-splendent-vale is valid
https://www.kickstarter.com/projects/renegadegamestudios/artisans-of-splendent-vale?ref=bggexplorehome is valid
https://boardgamegeek.com/boardgameexpansion/341139/shasn-azadi is valid
https://www.kickstarter.com/projects/zainmemon/shasn-azadi-what-will-freedom-cost?ref=bggexplorehome is valid
https://boardgamegeek.com/boardgame/338980/eastern-empires is valid
https://www.kickstarter.com/projects/999games/eastern-empires?ref=bggexplorehome is valid
https://boardgamegeek.com/boardgame/332393/bridge-city-poker is valid
https://www.kickstarter.com/projects/gameportland/bridge-city-poker-portlands-climbing-trick-taking-game?ref=bggexplorehome is valid
https://boardgamegeek.com/boardgame/340472/myth-goal is valid
https://www.kickstarter.com/projects/blacklistgames/myth-and-goal?ref=bggexplorehome is valid
https://boardgamegeek.com/boardgame/343485/pirate-party-women-high-seas is valid
https://www.kickstarter.com/projects/pirateparty/pirate-party-women-of-the-high-seas?ref=bggexplorehome is valid
https://boardgamegeek.com/boardgame/344419/write-future is valid
https://www.kickstarter.com/projects/allornonegames/write-the-future-0?ref=bggexplorehome is valid
https://boardgamegeek.com/boardgame/344308/delver-heroes-farenwald is valid
https://www.kickstarter.com/projects/delvergame/delver?ref=bggexplorehome is valid
https://boardgamegeek.com/boardgame/346769/quack-quack-no-take-backs is valid
https://www.kickstarter.com/projects/1285842596/quack-quack-no-take-backs-the-card-game?ref=bggexplorehome is valid
https://boardgamegeek.com/boardgame/342789/tiles-arabian-nights is valid
https://gamefound.com/projects/holygrailgames/tiles-of-the-arabian-nights#/?ref=bggexplorehome is valid
https://boardgamegeek.com/boardgame/256713/one-deck-galaxy is valid
https://www.kickstarter.com/projects/asmadigames/one-deck-galaxy?ref=bggexplorehome is valid
https://boardgamegeek.com/boardgame/346641/flee-dungeon is valid
https://www.kickstarter.com/projects/sparkwolfgames/flee-the-dungeon?ref=bggexplorehome is valid
https://boardgamegeek.com/boardgame/343980/shadowgate-living-castle is valid
https://www.kickstarter.com/projects/shadowgatetlc/shadowgate-the-living-castle?ref=bggexplorehome is valid
https://boardgamegeek.com/boardgame/343483/threetale is valid
https://www.kickstarter.com/projects/boarderia/threetale-0?ref=bggexplorehome is valid
https://boardgamegeek.com/boardgame/346683/pixel-clash is valid
https://www.kickstarter.com/projects/pixel8-games/pixel-clash-card-game?ref=2w5v1e?ref=bggexplorehome is valid
https://boardgamegeek.com/boardgame/337627/voidfall is valid
https://www.kickstarter.com/projects/mindclash/voidfall?ref=bggexplorehome is valid
https://boardgamegeek.com/boardgame/333255/keep-heroes-out is valid
https://www.kickstarter.com/projects/luisbrueh/keep-the-heroes-out?ref=bggexplorehome is valid
https://boardgamegeek.com/boardgame/341519/light-mist is valid
https://www.kickstarter.com/projects/postcurious/the-light-in-the-mist?ref=bggexplorehome is valid
https://boardgamegeek.com/boardgame/322050/lost-empires-war-new-sun is valid
https://www.kickstarter.com/projects/kolossalgames/lost-empires-0?ref=bggexplorehome is valid
https://boardgamegeek.com/boardgame/249362/sso is valid
https://www.kickstarter.com/projects/manokentgames/sso-second-edition/?ref=bggexplorehome is valid
https://boardgamegeek.com/boardgame/256704/stuff-legend is valid
https://www.kickstarter.com/projects/th3rdworldstudios/the-stuff-of-legend-the-boardgame?ref=bggexplorehome is valid
https://boardgamegeek.com/boardgame/345284/cranky-chinchillas is valid
https://www.kickstarter.com/projects/crankychinchillas/cranky-chinchillas?ref=bggexplorehome is valid
https://boardgamegeek.com/boardgame/343278/critical-care-game is valid
https://www.kickstarter.com/projects/zentensivist/critical-care/?ref=bggexplorehome is valid
https://boardgamegeek.com/boardgameexpansion/347085/18-holes-putting-wind-and-coastlines is valid
https://www.kickstarter.com/projects/distributedlife/18-holes-reading-the-greens?ref=bggexplorehome is valid
https://boardgamegeek.com/boardgame/346702/vandermist-dossier is valid
https://www.kickstarter.com/projects/diorama/the-vandermist-dossier?ref=bggexplorehome is valid
https://boardgamegeek.com/boardgame/299106/fractal-beyond-void is valid
https://www.kickstarter.com/projects/boredgameink/fractal-beyond-the-void?ref=bggexplorehome is valid
https://boardgamegeek.com/boardgame/334065/verdant is valid
https://www.kickstarter.com/projects/flatoutgames/verdant?ref=bggexplorehome is valid
https://boardgamegeek.com/boardgame/347754/artistes-miserable is valid
https://www.kickstarter.com/projects/334884471/starving-artists-painting-is-a-miserable-way-to-die?ref=bggexplorehome is valid
https://boardgamegeek.com/boardgame/308028/drop-drive is valid
https://www.kickstarter.com/projects/phaseshiftgames/drop-drive?ref=bggexplorehome is valid
https://boardgamegeek.com/boardgame/348032/reap is valid
https://www.kickstarter.com/projects/drinkingquest/reap-1?ref=bggexplorehome is valid
https://boardgamegeek.com/boardgame/281549/beast is valid
https://www.kickstarter.com/projects/327718895/beast-4?ref=bggexplorehome is valid
https://boardgamegeek.com/boardgame/345266/tales-red-dragon-inn is valid
https://www.kickstarter.com/projects/slugfestgames/tales-from-the-red-dragon-inn?ref=bggexplorehome is valid
https://boardgamegeek.com/boardgameexpansion/344735/roll-camera-b-movie-expansion is valid
https://www.kickstarter.com/projects/malachi-rempen/roll-camera-reprint-and-expansion?ref=bggexplorehome is valid
https://boardgamegeek.com/boardgameexpansion/348057/crumbs-foul-waterfowl is valid
https://www.kickstarter.com/projects/tidbitgames/crumbs-foul-waterfowl-expansion?ref=bggexplorehome is valid
https://boardgamegeek.com/boardgame/341785/goldenstar-galactic-tournament is valid
https://gamefound.com/projects/gindi/goldenstar-the-galactic-tournament#/?ref=bggexplorehome is valid
https://boardgamegeek.com/boardgame/342764/moku-tower is valid
https://www.kickstarter.com/projects/woodas/moku-tower-from-wood-art-to-tabletop-game?ref=bggexplorehome is valid
https://boardgamegeek.com/boardgameexpansion/348491/phantom-card-game-terror-mawitaan is valid
https://www.kickstarter.com/projects/gamesbylyck/the-phantom-the-card-game-terror-in-mawitaan?ref=bggexplorehome is valid
https://boardgamegeek.com/boardgame/325811/hair-dog is valid
https://www.kickstarter.com/projects/cherrypickedgames/hair-of-the-dog-1?ref=bggexplorehome is valid
https://boardgamegeek.com/boardgame/317582/mythwind is valid
https://www.kickstarter.com/projects/mccaskellgames/mythwind?ref=bggexplorehome is valid
https://boardgamegeek.com/boardgame/325891/terraternity-energy-challenge is valid
https://www.kickstarter.com/projects/iganmich/terraternity?ref=bggexplorehome is valid
https://boardgamegeek.com/boardgame/328643/paleovet is valid
https://www.kickstarter.com/projects/941694206/paleovet?ref=bggexplorehome is valid
https://boardgamegeek.com/boardgame/344608/cubeclimbers is valid
https://www.kickstarter.com/projects/magnetcubes/magnetcubes-cubeclimbers-board-game-motorized-liftpack?ref=bggexplorehome is valid
https://boardgamegeek.com/boardgame/342113/magical-friends-and-how-summon-them is valid
https://www.kickstarter.com/projects/magicalfriends/magical-friends?ref=bggexplorehome is valid
https://boardgamegeek.com/featured-videos is valid
https://boardgamegeek.com/video/346359/emintea/hotness-hot-games-and-even-hotter-foods is valid
https://boardgamegeek.com/video/346104/ten/ten-fun-board-games-w-wem is valid
https://boardgamegeek.com/video/345611/initiative/initiative-part-4-gamenight-se9-ep21-how-play-and is valid
https://boardgamegeek.com/video/345061/bag-chips/bag-chips-fun-board-games-w-wem is valid
https://boardgamegeek.com/video/344488/groundhog-day-game/groundhog-day-game-gamenight-se9-ep20-how-play-and is valid
https://boardgamegeek.com/video/344088/eric-m-lang/ankh-gods-egypt-w-eric-m-lang-cardboard-creations is valid
https://boardgamegeek.com/video/343867/doodle-dash/doodle-dash-fun-board-games-w-wem is valid
https://boardgamegeek.com/video/343596/heccubus/top-10-games-were-good-boardgamegeek-top-10-w-brot is valid
https://boardgamegeek.com/video/343350/7-wonders-architects/7-wonders-architects-fun-board-games-w-wem is valid
https://boardgamegeek.com/video/343346/dice-miner/dice-miner-gamenight-se9-ep19-how-play-and-playthr is valid
https://boardgamegeek.com/blogpost/108734/designer-diary-dinosaur-world-or-life-uh-finds-way is valid
https://boardgamegeek.com/blogger/12374/david-mcgregor is valid
https://boardgamegeek.com/blog/1/boardgamegeek-news is valid
https://boardgamegeek.com/blogpost/123330/game-overview-ten-or-flip-all-digits-your-favor is valid
https://boardgamegeek.com/blogger/17/w-eric-martin is valid
https://boardgamegeek.com/blog/1/boardgamegeek-news is valid
https://boardgamegeek.com/blogpost/122894/candices-gen-con-2021-round-discoveries-part-2 is valid
https://boardgamegeek.com/blogger/11509/candice-harris is valid
https://boardgamegeek.com/blog/1/boardgamegeek-news is valid
https://boardgamegeek.com/blogpost/123145/your-first-10-games-geek-weekly-issue-391 is valid
https://boardgamegeek.com/blogger/4235/brad-cummings is valid
https://boardgamegeek.com/blog/3240/geek-weekly is valid
https://boardgamegeek.com/blogpost/123121/gen-con-2021-iv-devious-weasel-games-floodgate-gam is valid
https://boardgamegeek.com/blogger/17/w-eric-martin is valid
https://boardgamegeek.com/blog/1/boardgamegeek-news is valid
https://boardgamegeek.com/threads/region/1?sort=hot&interval=twodays is valid
https://boardgamegeek.com/thread/2735858/who-wants-avatar is valid
https://boardgamegeek.com/forum/59/bgg/need-help is valid
https://boardgamegeek.com/thread/2736610/top-100-analysis-october-5-2021 is valid
https://boardgamegeek.com/forum/19/bgg/general-gaming is valid
https://boardgamegeek.com/thread/2737151/new-way-talk-about-theme is valid
https://boardgamegeek.com/forum/19/bgg/general-gaming is valid
https://boardgamegeek.com/thread/2737178/dissertation-survey-last-chance-help is valid
https://boardgamegeek.com/forum/19/bgg/general-gaming is valid
https://boardgamegeek.com/thread/2737320/top-10-old-school-euros is valid
https://boardgamegeek.com/forum/8/bgg/recommendations is valid
https://boardgamegeek.com/contest/savcor is valid
https://boardgamegeek.com/contest/gutenberg is valid
https://boardgamegeek.com/contest/eriantys1 is valid
https://boardgamegeek.com/contest/eastemp is valid
https://boardgamegeek.com/contest/eleven is valid
https://boardgamegeek.com/contest/spill is valid
https://boardgamegeek.com/contest/artsplenvale is valid
https://boardgamegeek.com/thread/2732144/should-you-buy-great-western-trail-second-edition is valid
https://boardgamegeek.com/thread/2731461/boonlake-europlayer-pre-preview is valid
https://boardgamegeek.com/thread/2732581/sea-harsh-mistress-last-standee-reviews-unfathomab is valid
https://boardgamegeek.com/thread/2734026/why-i-love-game is valid
https://boardgamegeek.com/thread/2733834/preliminary-review-2-players is valid
https://boardgamegeek.com/thread/2735570/early-impressions-dungeon-degenerates-after-15-hou is valid
https://boardgamegeek.com/thread/2733455/etherfields-after-20-hours-and-some-comparisons-ta is valid
https://boardgamegeek.com/video/345626/descent-legends-dark/shut-sit-down-reviews-descent-legends-dark is valid
https://boardgamegeek.com/thread/2736415/comparison-review-original-horrified-and-it-worth is valid
https://boardgamegeek.com/thread/2734837/what-we-changed-still-enjoy-carcassonne-after-20-y is valid
https://boardgamegeek.com/video/346390/clash-cultures-monumental-edition/drivethrureview-727-clash-cultures-monumental-edit is valid
https://boardgamegeek.com/thread/2733452/everything-board-games-tournament-fishing-deck-bui is valid
https://boardgamegeek.com/thread/2736123/board-game-doctor-review-command-and-colors-napole is valid
https://boardgamegeek.com/video/345912/marvel-united-x-men/marvel-united-x-men-review-tom-vasel is valid
https://boardgamegeek.com/thread/2736130/first-impression-furnace-2-players is valid
https://boardgamegeek.com/thread/2733628/fields-arle-45-years-life is valid
https://boardgamegeek.com/thread/2734081/lot-more-fun-i-was-expecting is valid
https://boardgamegeek.com/thread/2736237/nemesis-alien-box is valid
https://boardgamegeek.com/thread/2735933/board-game-doctor-review-star-trek-frontiers-solit is valid
https://boardgamegeek.com/thread/2734803/cascadia-positive-review is valid
https://boardgamegeek.com/geeklists?sort=hot&interval=twodays is valid
https://boardgamegeek.com/geeklist/288768/stonemaier-games-2021-charity-auction is valid
https://boardgamegeek.com/geeklist/289949/bgg-top-50-most-played-september-2021 is valid
https://boardgamegeek.com/geeklist/290018/bgg-top-50-statistics-01-sep-21-01-oct-21 is valid
https://boardgamegeek.com/geeklist/289987/bgg-climbers-week-ending-2021-10-06 is valid
https://boardgamegeek.com/geeklist/289872/dubious-bryns-top-20-solo-games-2021 is valid
https://boardgamegeek.com/geeklist/289983/2021-thrifty-santa-wish-list is valid
https://boardgamegeek.com/geeklist/289844/whats-your-k-index-list-knizia-philes-2021 is valid
https://boardgamegeek.com/geeklist/289837/i-want-my-games-be-fun is valid
https://boardgamegeek.com/geeklist/289869/slam-dunk-patton55s-top-20-played-solo-games-2021 is valid
https://boardgamegeek.com/geeklist/289819/laid-gamers-top-30-games-2-years-later is valid
https://boardgamegeek.com/list/games/1964/games-with-seasons is valid
https://boardgamegeek.com/boardgame/108745/seasons is valid
https://boardgamegeek.com/boardgame/103185/walnut-grove is valid
https://boardgamegeek.com/boardgame/27162/kingsburg is valid
https://boardgamegeek.com/boardgame/332290/stardew-valley-board-game is valid
https://boardgamegeek.com/boardgame/252556/bosk is valid
https://boardgamegeek.com/boardgame/38386/castle-all-seasons is valid
https://boardgamegeek.com/boardgame/313531/blatterrauschen is valid
https://boardgamegeek.com/boardgame/199792/everdell is valid
https://boardgamegeek.com/boardgame/323612/bitoku is valid
https://boardgamegeek.com/blogs is valid
https://boardgamegeek.com/blogpost/123120/annual is valid
https://boardgamegeek.com/blogger/534/tony-boydell is valid
https://boardgamegeek.com/blog/344/everyone-needs-shed is valid
https://boardgamegeek.com/blogpost/123374/efenechtyd is valid
https://boardgamegeek.com/blogger/2496/john-shepherd is valid
https://boardgamegeek.com/blog/1784/tyranny-small-decisions is valid
https://boardgamegeek.com/blogpost/122135/gaming-september-2021 is valid
https://boardgamegeek.com/blogger/10509/alexandre-santos is valid
https://boardgamegeek.com/blog/8773/ludi-tabularium is valid
https://boardgamegeek.com/blogpost/122812/rescuing-robin-hood-clash-cultures-tentacle-town-j is valid
https://boardgamegeek.com/blogger/4907/steph is valid
https://boardgamegeek.com/blog/3802/all-meeples-rainbow is valid
https://boardgamegeek.com/blogpost/123360/heres-what-i-love-about-eldritch-horror is valid
https://boardgamegeek.com/blogger/8620/christian-heckmann is valid
https://boardgamegeek.com/blog/7061/everything-sucks-and-some-things-dont is valid
https://boardgamegeek.com/boardgameexpansion/341254/lost-ruins-arnak-expedition-leaders is valid
https://boardgamegeek.com/thread/2737340/expansion-rulebook-available-now is valid
https://boardgamegeek.com/boardgameexpansion/341254/lost-ruins-arnak-expedition-leaders/forums/65 is valid
https://boardgamegeek.com/boardgame/312484/lost-ruins-arnak is valid
https://boardgamegeek.com/thread/2737345/expedition-leaders-rulebook-available-now is valid
https://boardgamegeek.com/boardgame/312484/lost-ruins-arnak/forums/65 is valid
https://boardgamegeek.com/boardgame/251661/oathsworn-deepwood is valid
https://boardgamegeek.com/thread/2736686/just-saw-video-preproduction-all-copy is valid
https://boardgamegeek.com/boardgame/251661/oathsworn-deepwood/forums/65 is valid
https://boardgamegeek.com/boardgame/285967/ankh-gods-egypt is valid
https://boardgamegeek.com/thread/2737150/plastic-pharaoh-tokens is valid
https://boardgamegeek.com/boardgame/285967/ankh-gods-egypt/forums/65 is valid
https://boardgamegeek.com/boardgame/284378/kanban-ev is valid
https://boardgamegeek.com/thread/2737023/im-designing-dashboard-solo-mode-ai-opponents-feed is valid
https://boardgamegeek.com/boardgame/284378/kanban-ev/forums/65 is valid
https://boardgamegeek.com/images/boardgame/all?sort=hot&interval=today is valid
https://boardgamegeek.com/image/6432197/weather-machine is valid
https://boardgamegeek.com/image/6431937/concordia-solitaria is valid
https://boardgamegeek.com/image/6429712/cartographers is valid
https://boardgamegeek.com/image/6433566/concordia-solitaria is valid
https://boardgamegeek.com/image/6428873/drop-drive is valid
https://boardgamegeek.com/image/6429411/lost-ruins-arnak-expedition-leaders is valid
https://boardgamegeek.com/image/6432768/arkham-horror-card-game is valid
https://boardgamegeek.com/image/6431933/fallout is valid
https://boardgamegeek.com/image/6431886/tainted-grail-fall-avalon is valid
https://boardgamegeek.com/image/6431976/bardwood-grove is valid
https://boardgamegeek.com/image/6431943/fallout-new-california is valid
https://boardgamegeek.com/image/6432684/arkham-horror-card-game is valid
https://boardgamegeek.com/image/6433385/merchants-dark-road is valid
https://boardgamegeek.com/image/6433383/merchants-dark-road is valid
https://boardgamegeek.com/image/6433380/merchants-dark-road is valid
https://boardgamegeek.com/image/6433263/lost-ruins-arnak is valid
https://boardgamegeek.com/image/6433212/isle-cats is valid
https://boardgamegeek.com/image/6432843/schotten-totten is valid
https://boardgamegeek.com/image/6432689/arkham-horror-card-game is valid
https://boardgamegeek.com/image/6432605/878-vikings-invasions-england is valid
https://boardgamegeek.com/image/6432016/lisbon-tram-28 is valid
https://boardgamegeek.com/image/6431399/star-wars-x-wing-second-edition is valid
https://boardgamegeek.com/image/6430106/hamlet is valid
https://boardgamegeek.com/image/6433384/merchants-dark-road is valid
https://boardgamegeek.com/image/6433379/merchants-dark-road is valid
https://boardgamegeek.com/videos/boardgame/all/?sort=hot&interval=last7 is valid
https://boardgamegeek.com/video/346350/messina-1347/messina-1347-2-player-playthrough is valid
https://boardgamegeek.com/video/346291/unfathomable/unfathomable-how-play is valid
https://boardgamegeek.com/video/345933/black-angel/how-play-black-angel is valid
https://boardgamegeek.com/video/345817/ark-nova/ark-nova-unboxing is valid
https://boardgamegeek.com/video/346288/birdwatcher/birdwatcher-kickstarter-preview is valid
https://boardgamegeek.com/video/346102/clash-cultures-monumental-edition/clash-cultures-monumental-edition-tutorial-playthr is valid
https://boardgamegeek.com/video/345814/dune-game-conquest-and-diplomacy/dune-game-conquest-and-diplomacy-how-play is valid
https://boardgamegeek.com/video/345781/vijayanagara-deccan-empires-medieval-india-1290-13/vijayanagara-deccan-empires-medieval-india-teach-p is valid
https://boardgamegeek.com/video/345706/clash-cultures-monumental-edition/all-games-steph-clash-cultures-monumental-edition is valid
https://boardgamegeek.com/video/346470/fractal-beyond-void/fractal-beyond-void-overview is valid
https://boardgamegeek.com/video/346477/rolling-realms/rolling-realms-check-it-out-episode-38 is valid
https://boardgamegeek.com/video/346173/blokk/blokk-kickstarter-preview is valid
https://boardgamegeek.com/video/345486/happy-city/happy-city-check-it-out-episode-37 is valid
https://boardgamegeek.com/video/344331/kabuto-sumo/kabuto-sumo-check-it-out-episode-36 is valid
https://boardgamegeek.com/video/343914/somewhere-under-rainbow/somewhere-under-rainbow-kickstarter-preview is valid
https://boardgamegeek.com/video/343406/riftforce/riftforce-playthrough is valid
https://boardgamegeek.com/video/343215/meadow/meadow-check-it-out-episode-35 is valid
https://boardgamegeek.com/video/342839/dog-park/dog-park-kickstarter-preview is valid
https://boardgamegeek.com/video/342111/verdant/verdant-kickstarter-preview is valid
https://boardgamegeek.com/blog/3240/geek-weekly is valid
https://boardgamegeek.com/geeklist/289512/first-10-games-you-should-buy-2021-edition is valid
https://www.kickstarter.com/projects/mindclash/voidfall is valid
https://www.kickstarter.com/projects/mindclash/voidfall is valid
https://boardgamegeek.com/thread/2733208/time-magazine-article-board-game-shipping-issues is valid
https://boardgamegeek.com/thread/2732581/sea-harsh-mistress-last-standee-reviews-unfathomab is valid
https://boardgamegeek.com/video/345486/happy-city/happy-city-check-it-out-episode-37 is valid
https://boardgamegeek.com/image/6416608/hive-pocket is valid
https://boardgamegeek.com/blogpost/123129/playing-serious-games is valid
https://boardgamegeek.com/newreleases is valid
https://boardgamegeek.com/boardgame/311193/anno-1800 is valid
https://boardgamegeek.com/boardgame/291962/paper-dungeons-dungeon-scrawler-game is valid
https://boardgamegeek.com/boardgame/321277/tinners-trail is valid
https://boardgamegeek.com/boardgame/318560/witchstone is valid
https://boardgamegeek.com/boardgame/340041/kingdomino-origins is valid
https://boardgamegeek.com/boardgame/335609/ten is valid
https://boardgamegeek.com/boardgame/311715/mini-rogue is valid
https://boardgamegeek.com/boardgameexpansion/339519/dungeons-dragons-ghosts-saltmarsh-board-game-2021 is valid
https://boardgamegeek.com/boardgameexpansion/339519/dungeons-dragons-ghosts-saltmarsh-board-game-2021 is valid
https://boardgamegeek.com/boardgame/336929/land-vs-sea is valid
https://boardgamegeek.com/boardgame/330665/bellum-magica is valid
https://boardgamegeek.com/boardgame/335275/whirling-witchcraft is valid
https://boardgamegeek.com/boardgame/264164/night-living-dead-zombicide-game is valid
https://boardgamegeek.com/boardgame/317432/exit-game-cursed-labyrinth is valid
https://boardgamegeek.com/boardgame/336497/kittens-blender-deluxe-edition is valid
https://boardgamegeek.com/boardgame/191928/music-iq is valid
https://boardgamegeek.com/video/344902/meadow/meadow-does-she-it is valid
https://boardgamegeek.com/video/342573/dive/dive-does-she-it is valid
https://boardgamegeek.com/video/340883/juicy-fruits/juicy-fruits-does-she-it is valid
https://boardgamegeek.com/video/337713/paleo/paleo-dose-she-it is valid
https://boardgamegeek.com/list/games/1962/games-with-tetris-like-pieces is valid
https://boardgamegeek.com/boardgame/40393/fits is valid
https://boardgamegeek.com/boardgame/163412/patchwork is valid
https://boardgamegeek.com/boardgame/177736/feast-odin is valid
https://boardgamegeek.com/boardgame/2453/blokus is valid
https://boardgamegeek.com/boardgame/16986/ubongo is valid
https://boardgamegeek.com/boardgame/7/cathedral is valid
https://boardgamegeek.com/boardgame/6931/katamino is valid
https://boardgamegeek.com/boardgame/260180/project-l is valid
https://boardgamegeek.com/boardgame/246150/arraial is valid
https://boardgamegeek.com/boardgame/281259/isle-cats is valid
https://boardgamegeek.com/forum/33/bgg/women-and-gaming is valid
https://boardgamegeek.com/thread/2731979/wg-holiday-exchange-2021-discussion-thread is valid
https://boardgamegeek.com/thread/2731522/wg-christmas-card-and-envelope-exchanges-2021 is valid
https://boardgamegeek.com/thread/2727378/help-me-pick-some-new-games-family-play is valid
https://boardgamegeek.com/thread/2724260/i-have-been-pleasantly-surprised-how-many-women-re is valid
https://boardgamegeek.com/thread/2723956/wedding-one-our-former-active-members is valid
https://boardgamegeek.com/forum/2185884/bgg/rainbow-bggers is valid
https://boardgamegeek.com/thread/2736696/more-about-dissertation-gamer-segmentation is valid
https://boardgamegeek.com/thread/2736064/gencon-2021-vs-origins-2021 is valid
https://boardgamegeek.com/thread/2735339/your-september-2021-aquisitions is valid
https://boardgamegeek.com/thread/2734507/games-evoke-movies is valid
https://boardgamegeek.com/thread/2719143/your-august-2021-acquisitions is valid
https://boardgamegeek.com/list/games/1960/quiet-party-games is valid
https://boardgamegeek.com/boardgame/9288/who-what-where is valid
https://boardgamegeek.com/boardgame/178900/codenames is valid
https://boardgamegeek.com/boardgame/181304/mysterium is valid
https://boardgamegeek.com/boardgame/46213/telestrations is valid
https://boardgamegeek.com/boardgame/147151/concept is valid
https://boardgamegeek.com/boardgame/259374/belratti is valid
https://boardgamegeek.com/boardgame/1070/shadows-forest is valid
https://boardgamegeek.com/boardgame/191894/imagine is valid
https://boardgamegeek.com/boardgame/284108/pictures is valid
https://boardgamegeek.com/boardgame/41054/you-robot is valid
https://boardgamegeek.com/thematic/browse/boardgame is valid
https://boardgamegeek.com/boardgame/174430/gloomhaven is valid
https://boardgamegeek.com/boardgame/161936/pandemic-legacy-season-1 is valid
https://boardgamegeek.com/boardgame/291457/gloomhaven-jaws-lion is valid
https://boardgamegeek.com/boardgame/233078/twilight-imperium-fourth-edition is valid
https://boardgamegeek.com/boardgame/187645/star-wars-rebellion is valid
https://boardgamegeek.com/boardgame/115746/war-ring-second-edition is valid
https://boardgamegeek.com/boardgame/266507/clank-legacy-acquisitions-incorporated is valid
https://boardgamegeek.com/boardgame/167355/nemesis is valid
https://boardgamegeek.com/boardgame/192135/too-many-bones is valid
https://boardgamegeek.com/boardgame/316554/dune-imperium is valid
https://boardgamegeek.com/video/346288/birdwatcher/birdwatcher-kickstarter-preview is valid
https://boardgamegeek.com/video/346163/jacks-friends/10-games-we-are-never-getting-rid is valid
https://boardgamegeek.com/video/345323/voidfall/voidfall-preview is valid
https://boardgamegeek.com/video/344054/artisans-splendent-vale/artisans-splendent-vale-kickstarter-preview is valid
https://boardgamegeek.com/video/343882/cribbage/how-play-cribbage-feat-beth-sobels-river-stone-car is valid
https://boardgamegeek.com/video/343296/cascadia/cascadia-playthrough-review is valid
https://boardgamegeek.com/video/342799/agricola/agricola-playthrough-review-uwe-rosenberg-series is valid
https://boardgamegeek.com/video/342119/scandaloh/scandaloh-kickstarter-tutorial-playthrough is valid
https://boardgamegeek.com/video/341600/stay-cool/stay-cool-playthrough-iv-games-studios-nashville-t is valid
https://boardgamegeek.com/ is valid
https://boardgamegeek.com/wiki/page/Welcome_to_BoardGameGeek is valid
https://boardgamegeek.com/contact is valid
https://advertising.boardgamegeek.com/ is valid
https://boardgamegeek.com/support is valid
https://boardgamegeek.com/community_rules is valid
https://boardgamegeek.com/privacy is valid
https://boardgamegeek.com/terms is valid
https://www.facebook.com/groups/132851767828/ is valid
https://twitter.com/boardgamegeek is valid
https://www.instagram.com/boardgamegeek/ is valid
https://www.twitch.tv/boardgamegeektv is valid
https://discord.com/invite/KTJZFpw is valid
*******************************Broken links:*******************************
1
]]></system-out>
    <system-err><![CDATA[SLF4J: Failed to load class "org.slf4j.impl.StaticLoggerBinder".
SLF4J: Defaulting to no-operation (NOP) logger implementation
SLF4J: See http://www.slf4j.org/codes.html#StaticLoggerBinder for further details.
Starting ChromeDriver 94.0.4606.61 (418b78f5838ed0b1c69bb4e51ea0252171854915-refs/branch-heads/4606@{#1204}) on port 28067
Only local connections are allowed.
Please see https://chromedriver.chromium.org/security-considerations for suggestions on keeping ChromeDriver safe.
ChromeDriver was started successfully.
окт. 07, 2021 2:34:29 PM org.openqa.selenium.remote.ProtocolHandshake createSession
INFO: Detected dialect: W3C
]]></system-err>
  </testcase>
</testsuite>