<?xml version="1.0" encoding="UTF-8"?>
<testsuite xmlns:xsi="http://www.w3.org/2001/XMLSchema-instance" xsi:noNamespaceSchemaLocation="https://maven.apache.org/surefire/maven-surefire-plugin/xsd/surefire-test-report-3.0.xsd" version="3.0" name="TestSuite" time="134.771" tests="10" errors="0" skipped="0" failures="0">
  <properties>
[...]
</properties>
  <testcase name="editContactDetailsCity" classname="com.github.passmesomesugar.tests.account.EditContactCity" time="25.227">
    <system-err><![CDATA[SLF4J: Failed to load class "org.slf4j.impl.StaticLoggerBinder".
SLF4J: Defaulting to no-operation (NOP) logger implementation
SLF4J: See http://www.slf4j.org/codes.html#StaticLoggerBinder for further details.
Starting ChromeDriver 94.0.4606.61 (418b78f5838ed0b1c69bb4e51ea0252171854915-refs/branch-heads/4606@{#1204}) on port 47015
Only local connections are allowed.
Please see https://chromedriver.chromium.org/security-considerations for suggestions on keeping ChromeDriver safe.
ChromeDriver was started successfully.
окт. 06, 2021 5:53:56 PM org.openqa.selenium.remote.ProtocolHandshake createSession
INFO: Detected dialect: W3C
]]></system-err>
  </testcase>
  <testcase name="editContactDetailsNameLastName" classname="com.github.passmesomesugar.tests.account.EditContactNameLastName" time="19.866"/>
  <testcase name="editContactDetailsPhoneNumber" classname="com.github.passmesomesugar.tests.account.EditContactPhoneNumber" time="22.928"/>
  <testcase name="editContactDetailsWebsite" classname="com.github.passmesomesugar.tests.account.EditContactWebsite" time="30.542"/>
  <testcase name="aboutPageTest" classname="com.github.passmesomesugar.tests.links.AboutPageTest" time="12.519"/>
  <testcase name="openHomeAndSignIn" classname="com.github.passmesomesugar.tests.login.SignInTest" time="5.707"/>
  <testcase name="signInAndSignOut" classname="com.github.passmesomesugar.tests.login.SignOutTest" time="5.756"/>
  <testcase name="searchAndRetrieveNegative" classname="com.github.passmesomesugar.tests.search.SearchResultNegativeTest" time="5.86"/>
  <testcase name="searchAndRetrieve" classname="com.github.passmesomesugar.tests.search.SearchResultTest" time="4.857"/>
  <testcase name="openMainPageAndCheckURL" classname="com.github.passmesomesugar.tests.url.MainPageURLTest" time="0.75"/>
</testsuite>