<?xml version="1.0" encoding="UTF-8"?>
<testng-results ignored="11" total="12" passed="1" failed="0" skipped="0">
  <reporter-output>
  </reporter-output>
  <suite started-at="2021-10-07T14:34:26 ALMT" name="Smoke" finished-at="2021-10-07T14:39:28 ALMT" duration-ms="301573">
    <groups>
      <group name="this">
        <method signature="Delete.deleteTest()[pri:0, instance:com.github.passmesomesugar.tests.Delete@ea6147e]" name="deleteTest" class="com.github.passmesomesugar.tests.Delete"/>
      </group> <!-- this -->
    </groups>
    <test started-at="2021-10-07T14:34:26 ALMT" name="This" finished-at="2021-10-07T14:39:28 ALMT" duration-ms="301573">
      <class name="com.github.passmesomesugar.tests.Delete">
        <test-method signature="deleteTest()[pri:0, instance:com.github.passmesomesugar.tests.Delete@ea6147e]" started-at="2021-10-07T14:34:26 ALMT" name="deleteTest" description="test" finished-at="2021-10-07T14:39:28 ALMT" duration-ms="301528" status="PASS">
          <reporter-output>
          </reporter-output>
        </test-method> <!-- deleteTest -->
      </class> <!-- com.github.passmesomesugar.tests.Delete -->
    </test> <!-- This -->
  </suite> <!-- Smoke -->
</testng-results>
